<component name="ProjectRunConfigurationManager">
  <configuration default="false" name="Test-with-maven" type="MavenRunConfiguration" factoryName="Maven">
    <MavenSettings>
      <option name="myGeneralSettings" />
      <option name="myRunnerSettings">
        <MavenRunnerSettings>
          <option name="delegateBuildToMaven" value="false" />
          <option name="environmentProperties">
            <map>
              <entry key="JWT_EXPIRATION" value="15m" />
              <entry key="JWT_ISSUER" value="hacker-news-connector" />
              <entry key="JWT_SECRET" value="hTYpYNwTo55QSeGnYCG1iEKN1Ruj3NIMVIifQM+5x+Z8MeggupKpUnQA" />
              <entry key="MONGO_DATABASE" value="hacker-news-connector" />
              <entry key="MONGO_HOST" value="localhost:27017" />
              <entry key="MONGO_PASSWORD" value="localpass" />
              <entry key="MONGO_USERNAME" value="admin" />
              <entry key="SERVER_PORT" value="8081" />
            </map>
          </option>
          <option name="jreName" value="#USE_PROJECT_JDK" />
          <option name="mavenProperties">
            <map />
          </option>
          <option name="passParentEnv" value="true" />
          <option name="runMavenInBackground" value="true" />
          <option name="skipTests" value="false" />
          <option name="vmOptions" value="" />
        </MavenRunnerSettings>
      </option>
      <option name="myRunnerParameters">
        <MavenRunnerParameters>
          <option name="cmdOptions" />
          <option name="profiles">
            <set />
          </option>
          <option name="goals">
            <list>
              <option value="test" />
            </list>
          </option>
          <option name="multimoduleDir" />
          <option name="pomFileName" />
          <option name="profilesMap">
            <map />
          </option>
          <option name="projectsCmdOptionValues">
            <list />
          </option>
          <option name="resolveToWorkspace" value="false" />
          <option name="workingDirPath" value="$PROJECT_DIR$" />
        </MavenRunnerParameters>
      </option>
    </MavenSettings>
    <method v="2" />
  </configuration>
</component>